20-May-2021 21:26:48.452 INFOS [main] org.apache.catalina.startup.VersionLoggerListener.log Nom version serveur :   Apache Tomcat/9.0.34
20-May-2021 21:26:48.454 INFOS [main] org.apache.catalina.startup.VersionLoggerListener.log Serveur compilé :       Apr 3 2020 12:02:52 UTC
20-May-2021 21:26:48.454 INFOS [main] org.apache.catalina.startup.VersionLoggerListener.log Version du serveur :    9.0.34.0
20-May-2021 21:26:48.455 INFOS [main] org.apache.catalina.startup.VersionLoggerListener.log Nom de l'OS :           Mac OS X
20-May-2021 21:26:48.455 INFOS [main] org.apache.catalina.startup.VersionLoggerListener.log Version OS :            10.14.6
20-May-2021 21:26:48.455 INFOS [main] org.apache.catalina.startup.VersionLoggerListener.log Architecture :          x86_64
20-May-2021 21:26:48.455 INFOS [main] org.apache.catalina.startup.VersionLoggerListener.log Java Home :             /Library/Java/JavaVirtualMachines/jdk1.8.0_65.jdk/Contents/Home/jre
20-May-2021 21:26:48.455 INFOS [main] org.apache.catalina.startup.VersionLoggerListener.log Version JVM :           1.8.0_65-b17
20-May-2021 21:26:48.455 INFOS [main] org.apache.catalina.startup.VersionLoggerListener.log Fournisseur de la JVM : Oracle Corporation
20-May-2021 21:26:48.455 INFOS [main] org.apache.catalina.startup.VersionLoggerListener.log CATALINA_BASE :         /Users/mac/Documents/workspace/bookyourframeparent/UAA/apache-tomcat-9.0.34
20-May-2021 21:26:48.455 INFOS [main] org.apache.catalina.startup.VersionLoggerListener.log CATALINA_HOME :         /Users/mac/Documents/workspace/bookyourframeparent/UAA/apache-tomcat-9.0.34
20-May-2021 21:26:48.459 INFOS [main] org.apache.catalina.startup.VersionLoggerListener.log Argument de la ligne de commande : -Djava.util.logging.config.file=/Users/mac/Documents/workspace/bookyourframeparent/UAA/apache-tomcat-9.0.34/conf/logging.properties
20-May-2021 21:26:48.459 INFOS [main] org.apache.catalina.startup.VersionLoggerListener.log Argument de la ligne de commande : -Djava.util.logging.manager=org.apache.juli.ClassLoaderLogManager
20-May-2021 21:26:48.460 INFOS [main] org.apache.catalina.startup.VersionLoggerListener.log Argument de la ligne de commande : -Djdk.tls.ephemeralDHKeySize=2048
20-May-2021 21:26:48.460 INFOS [main] org.apache.catalina.startup.VersionLoggerListener.log Argument de la ligne de commande : -Djava.protocol.handler.pkgs=org.apache.catalina.webresources
20-May-2021 21:26:48.460 INFOS [main] org.apache.catalina.startup.VersionLoggerListener.log Argument de la ligne de commande : -Dorg.apache.catalina.security.SecurityListener.UMASK=0027
20-May-2021 21:26:48.460 INFOS [main] org.apache.catalina.startup.VersionLoggerListener.log Argument de la ligne de commande : -Dignore.endorsed.dirs=
20-May-2021 21:26:48.460 INFOS [main] org.apache.catalina.startup.VersionLoggerListener.log Argument de la ligne de commande : -Dcatalina.base=/Users/mac/Documents/workspace/bookyourframeparent/UAA/apache-tomcat-9.0.34
20-May-2021 21:26:48.460 INFOS [main] org.apache.catalina.startup.VersionLoggerListener.log Argument de la ligne de commande : -Dcatalina.home=/Users/mac/Documents/workspace/bookyourframeparent/UAA/apache-tomcat-9.0.34
20-May-2021 21:26:48.460 INFOS [main] org.apache.catalina.startup.VersionLoggerListener.log Argument de la ligne de commande : -Djava.io.tmpdir=/Users/mac/Documents/workspace/bookyourframeparent/UAA/apache-tomcat-9.0.34/temp
20-May-2021 21:26:48.460 INFOS [main] org.apache.catalina.core.AprLifecycleListener.lifecycleEvent La librairie Apache Tomcat Native basée sur APR qui permet des performances optimales dans les environnements de production n'a pas été trouvée sur le java.library.path : [/Users/mac/Library/Java/Extensions:/Library/Java/Extensions:/Network/Library/Java/Extensions:/System/Library/Java/Extensions:/usr/lib/java:.]
20-May-2021 21:26:48.733 INFOS [main] org.apache.coyote.AbstractProtocol.init Initialisation du gestionnaire de protocole ["http-nio-8089"]
20-May-2021 21:26:48.761 INFOS [main] org.apache.catalina.startup.Catalina.load L'initialisation du serveur a pris [512] millisecondes
20-May-2021 21:26:48.787 INFOS [main] org.apache.catalina.core.StandardService.startInternal Démarrage du service [Catalina]
20-May-2021 21:26:48.787 INFOS [main] org.apache.catalina.core.StandardEngine.startInternal Démarrage du moteur de Servlets : [Apache Tomcat/9.0.34]
20-May-2021 21:26:48.804 INFOS [main] org.apache.catalina.startup.HostConfig.deployWAR Déploiement de l'archive [/Users/mac/Documents/workspace/bookyourframeparent/UAA/apache-tomcat-9.0.34/webapps/cloudfoundry-identity-uaa-4.30.0.war] de l'application web
20-May-2021 21:26:49.535 INFOS [main] org.apache.jasper.servlet.TldScanner.scanJars Au moins un fichier JAR a été analysé pour trouver des TLDs mais il n'en contenait pas, le mode "debug" du journal peut être activé pour obtenir une liste complète de JAR scannés sans succès ; éviter d'analyser des JARs inutilement peut améliorer sensiblement le temps de démarrage et le temps de compilation des JSPs
20-May-2021 21:27:08.964 INFOS [main] org.apache.catalina.startup.VersionLoggerListener.log Nom version serveur :   Apache Tomcat/9.0.34
20-May-2021 21:27:08.966 INFOS [main] org.apache.catalina.startup.VersionLoggerListener.log Serveur compilé :       Apr 3 2020 12:02:52 UTC
20-May-2021 21:27:08.966 INFOS [main] org.apache.catalina.startup.VersionLoggerListener.log Version du serveur :    9.0.34.0
20-May-2021 21:27:08.966 INFOS [main] org.apache.catalina.startup.VersionLoggerListener.log Nom de l'OS :           Mac OS X
20-May-2021 21:27:08.966 INFOS [main] org.apache.catalina.startup.VersionLoggerListener.log Version OS :            10.14.6
20-May-2021 21:27:08.966 INFOS [main] org.apache.catalina.startup.VersionLoggerListener.log Architecture :          x86_64
20-May-2021 21:27:08.966 INFOS [main] org.apache.catalina.startup.VersionLoggerListener.log Java Home :             /Library/Java/JavaVirtualMachines/jdk1.8.0_65.jdk/Contents/Home/jre
20-May-2021 21:27:08.967 INFOS [main] org.apache.catalina.startup.VersionLoggerListener.log Version JVM :           1.8.0_65-b17
20-May-2021 21:27:08.967 INFOS [main] org.apache.catalina.startup.VersionLoggerListener.log Fournisseur de la JVM : Oracle Corporation
20-May-2021 21:27:08.967 INFOS [main] org.apache.catalina.startup.VersionLoggerListener.log CATALINA_BASE :         /Users/mac/Documents/workspace/bookyourframeparent/UAA/apache-tomcat-9.0.34
20-May-2021 21:27:08.967 INFOS [main] org.apache.catalina.startup.VersionLoggerListener.log CATALINA_HOME :         /Users/mac/Documents/workspace/bookyourframeparent/UAA/apache-tomcat-9.0.34
20-May-2021 21:27:08.973 INFOS [main] org.apache.catalina.startup.VersionLoggerListener.log Argument de la ligne de commande : -Djava.util.logging.config.file=/Users/mac/Documents/workspace/bookyourframeparent/UAA/apache-tomcat-9.0.34/conf/logging.properties
20-May-2021 21:27:08.973 INFOS [main] org.apache.catalina.startup.VersionLoggerListener.log Argument de la ligne de commande : -Djava.util.logging.manager=org.apache.juli.ClassLoaderLogManager
20-May-2021 21:27:08.973 INFOS [main] org.apache.catalina.startup.VersionLoggerListener.log Argument de la ligne de commande : -Djdk.tls.ephemeralDHKeySize=2048
20-May-2021 21:27:08.973 INFOS [main] org.apache.catalina.startup.VersionLoggerListener.log Argument de la ligne de commande : -Djava.protocol.handler.pkgs=org.apache.catalina.webresources
20-May-2021 21:27:08.973 INFOS [main] org.apache.catalina.startup.VersionLoggerListener.log Argument de la ligne de commande : -Dorg.apache.catalina.security.SecurityListener.UMASK=0027
20-May-2021 21:27:08.973 INFOS [main] org.apache.catalina.startup.VersionLoggerListener.log Argument de la ligne de commande : -Dignore.endorsed.dirs=
20-May-2021 21:27:08.974 INFOS [main] org.apache.catalina.startup.VersionLoggerListener.log Argument de la ligne de commande : -Dcatalina.base=/Users/mac/Documents/workspace/bookyourframeparent/UAA/apache-tomcat-9.0.34
20-May-2021 21:27:08.974 INFOS [main] org.apache.catalina.startup.VersionLoggerListener.log Argument de la ligne de commande : -Dcatalina.home=/Users/mac/Documents/workspace/bookyourframeparent/UAA/apache-tomcat-9.0.34
20-May-2021 21:27:08.974 INFOS [main] org.apache.catalina.startup.VersionLoggerListener.log Argument de la ligne de commande : -Djava.io.tmpdir=/Users/mac/Documents/workspace/bookyourframeparent/UAA/apache-tomcat-9.0.34/temp
20-May-2021 21:27:08.974 INFOS [main] org.apache.catalina.core.AprLifecycleListener.lifecycleEvent La librairie Apache Tomcat Native basée sur APR qui permet des performances optimales dans les environnements de production n'a pas été trouvée sur le java.library.path : [/Users/mac/Library/Java/Extensions:/Library/Java/Extensions:/Network/Library/Java/Extensions:/System/Library/Java/Extensions:/usr/lib/java:.]
20-May-2021 21:27:09.303 INFOS [main] org.apache.coyote.AbstractProtocol.init Initialisation du gestionnaire de protocole ["http-nio-8089"]
20-May-2021 21:27:09.334 GRAVE [main] org.apache.catalina.util.LifecycleBase.handleSubClassException Echec d'initialisation du composant [Connector[HTTP/1.1-8089]]
	org.apache.catalina.LifecycleException: L'initialisation du gestionnaire de protocole a échoué
		at org.apache.catalina.connector.Connector.initInternal(Connector.java:1041)
		at org.apache.catalina.util.LifecycleBase.init(LifecycleBase.java:136)
		at org.apache.catalina.core.StandardService.initInternal(StandardService.java:533)
		at org.apache.catalina.util.LifecycleBase.init(LifecycleBase.java:136)
		at org.apache.catalina.core.StandardServer.initInternal(StandardServer.java:1057)
		at org.apache.catalina.util.LifecycleBase.init(LifecycleBase.java:136)
		at org.apache.catalina.startup.Catalina.load(Catalina.java:584)
		at org.apache.catalina.startup.Catalina.load(Catalina.java:607)
		at sun.reflect.NativeMethodAccessorImpl.invoke0(Native Method)
		at sun.reflect.NativeMethodAccessorImpl.invoke(NativeMethodAccessorImpl.java:62)
		at sun.reflect.DelegatingMethodAccessorImpl.invoke(DelegatingMethodAccessorImpl.java:43)
		at java.lang.reflect.Method.invoke(Method.java:497)
		at org.apache.catalina.startup.Bootstrap.load(Bootstrap.java:303)
		at org.apache.catalina.startup.Bootstrap.main(Bootstrap.java:473)
	Caused by: java.net.BindException: Address already in use
		at sun.nio.ch.Net.bind0(Native Method)
		at sun.nio.ch.Net.bind(Net.java:433)
		at sun.nio.ch.Net.bind(Net.java:425)
		at sun.nio.ch.ServerSocketChannelImpl.bind(ServerSocketChannelImpl.java:223)
		at sun.nio.ch.ServerSocketAdaptor.bind(ServerSocketAdaptor.java:74)
		at org.apache.tomcat.util.net.NioEndpoint.initServerSocket(NioEndpoint.java:228)
		at org.apache.tomcat.util.net.NioEndpoint.bind(NioEndpoint.java:211)
		at org.apache.tomcat.util.net.AbstractEndpoint.bindWithCleanup(AbstractEndpoint.java:1141)
		at org.apache.tomcat.util.net.AbstractEndpoint.init(AbstractEndpoint.java:1154)
		at org.apache.coyote.AbstractProtocol.init(AbstractProtocol.java:581)
		at org.apache.coyote.http11.AbstractHttp11Protocol.init(AbstractHttp11Protocol.java:74)
		at org.apache.catalina.connector.Connector.initInternal(Connector.java:1038)
		... 13 more
20-May-2021 21:27:09.337 INFOS [main] org.apache.catalina.startup.Catalina.load L'initialisation du serveur a pris [585] millisecondes
20-May-2021 21:27:09.368 INFOS [main] org.apache.catalina.core.StandardService.startInternal Démarrage du service [Catalina]
20-May-2021 21:27:09.368 INFOS [main] org.apache.catalina.core.StandardEngine.startInternal Démarrage du moteur de Servlets : [Apache Tomcat/9.0.34]
20-May-2021 21:27:09.386 INFOS [main] org.apache.catalina.startup.HostConfig.deployWAR Déploiement de l'archive [/Users/mac/Documents/workspace/bookyourframeparent/UAA/apache-tomcat-9.0.34/webapps/cloudfoundry-identity-uaa-4.30.0.war] de l'application web
20-May-2021 21:27:10.160 INFOS [main] org.apache.jasper.servlet.TldScanner.scanJars Au moins un fichier JAR a été analysé pour trouver des TLDs mais il n'en contenait pas, le mode "debug" du journal peut être activé pour obtenir une liste complète de JAR scannés sans succès ; éviter d'analyser des JARs inutilement peut améliorer sensiblement le temps de démarrage et le temps de compilation des JSPs
20-May-2021 21:27:14.154 INFOS [main] org.apache.catalina.startup.HostConfig.deployWAR Le déploiement de l'archive de l'application web [/Users/mac/Documents/workspace/bookyourframeparent/UAA/apache-tomcat-9.0.34/webapps/cloudfoundry-identity-uaa-4.30.0.war] s'est terminé en [25 349] ms
20-May-2021 21:27:14.154 INFOS [main] org.apache.catalina.startup.HostConfig.deployDirectory Déploiement du répertoire d'application web [/Users/mac/Documents/workspace/bookyourframeparent/UAA/apache-tomcat-9.0.34/webapps/docs]
20-May-2021 21:27:14.166 INFOS [main] org.apache.catalina.startup.HostConfig.deployDirectory Le déploiement du répertoire [/Users/mac/Documents/workspace/bookyourframeparent/UAA/apache-tomcat-9.0.34/webapps/docs] de l'application web s'est terminé en [12] ms
20-May-2021 21:27:14.167 INFOS [main] org.apache.catalina.startup.HostConfig.deployDirectory Déploiement du répertoire d'application web [/Users/mac/Documents/workspace/bookyourframeparent/UAA/apache-tomcat-9.0.34/webapps/manager]
20-May-2021 21:27:14.190 INFOS [main] org.apache.catalina.startup.HostConfig.deployDirectory Le déploiement du répertoire [/Users/mac/Documents/workspace/bookyourframeparent/UAA/apache-tomcat-9.0.34/webapps/manager] de l'application web s'est terminé en [23] ms
20-May-2021 21:27:14.190 INFOS [main] org.apache.catalina.startup.HostConfig.deployDirectory Déploiement du répertoire d'application web [/Users/mac/Documents/workspace/bookyourframeparent/UAA/apache-tomcat-9.0.34/webapps/examples]
20-May-2021 21:27:14.375 INFOS [main] org.apache.catalina.startup.HostConfig.deployDirectory Le déploiement du répertoire [/Users/mac/Documents/workspace/bookyourframeparent/UAA/apache-tomcat-9.0.34/webapps/examples] de l'application web s'est terminé en [185] ms
20-May-2021 21:27:14.376 INFOS [main] org.apache.catalina.startup.HostConfig.deployDirectory Déploiement du répertoire d'application web [/Users/mac/Documents/workspace/bookyourframeparent/UAA/apache-tomcat-9.0.34/webapps/ROOT]
20-May-2021 21:27:14.386 INFOS [main] org.apache.catalina.startup.HostConfig.deployDirectory Le déploiement du répertoire [/Users/mac/Documents/workspace/bookyourframeparent/UAA/apache-tomcat-9.0.34/webapps/ROOT] de l'application web s'est terminé en [11] ms
20-May-2021 21:27:14.387 INFOS [main] org.apache.catalina.startup.HostConfig.deployDirectory Déploiement du répertoire d'application web [/Users/mac/Documents/workspace/bookyourframeparent/UAA/apache-tomcat-9.0.34/webapps/host-manager]
20-May-2021 21:27:14.397 INFOS [main] org.apache.catalina.startup.HostConfig.deployDirectory Le déploiement du répertoire [/Users/mac/Documents/workspace/bookyourframeparent/UAA/apache-tomcat-9.0.34/webapps/host-manager] de l'application web s'est terminé en [10] ms
20-May-2021 21:27:14.400 INFOS [main] org.apache.coyote.AbstractProtocol.start Démarrage du gestionnaire de protocole ["http-nio-8089"]
20-May-2021 21:27:14.408 INFOS [main] org.apache.catalina.startup.Catalina.start Le démarrage du serveur a pris [25 647] millisecondes
20-May-2021 21:27:36.872 INFOS [main] org.apache.catalina.startup.HostConfig.deployWAR Le déploiement de l'archive de l'application web [/Users/mac/Documents/workspace/bookyourframeparent/UAA/apache-tomcat-9.0.34/webapps/cloudfoundry-identity-uaa-4.30.0.war] s'est terminé en [27 485] ms
20-May-2021 21:27:36.872 INFOS [main] org.apache.catalina.startup.HostConfig.deployDirectory Déploiement du répertoire d'application web [/Users/mac/Documents/workspace/bookyourframeparent/UAA/apache-tomcat-9.0.34/webapps/docs]
20-May-2021 21:27:36.884 INFOS [main] org.apache.catalina.startup.HostConfig.deployDirectory Le déploiement du répertoire [/Users/mac/Documents/workspace/bookyourframeparent/UAA/apache-tomcat-9.0.34/webapps/docs] de l'application web s'est terminé en [12] ms
20-May-2021 21:27:36.884 INFOS [main] org.apache.catalina.startup.HostConfig.deployDirectory Déploiement du répertoire d'application web [/Users/mac/Documents/workspace/bookyourframeparent/UAA/apache-tomcat-9.0.34/webapps/manager]
20-May-2021 21:27:36.905 INFOS [main] org.apache.catalina.startup.HostConfig.deployDirectory Le déploiement du répertoire [/Users/mac/Documents/workspace/bookyourframeparent/UAA/apache-tomcat-9.0.34/webapps/manager] de l'application web s'est terminé en [20] ms
20-May-2021 21:27:36.905 INFOS [main] org.apache.catalina.startup.HostConfig.deployDirectory Déploiement du répertoire d'application web [/Users/mac/Documents/workspace/bookyourframeparent/UAA/apache-tomcat-9.0.34/webapps/examples]
20-May-2021 21:27:37.049 INFOS [main] org.apache.catalina.startup.HostConfig.deployDirectory Le déploiement du répertoire [/Users/mac/Documents/workspace/bookyourframeparent/UAA/apache-tomcat-9.0.34/webapps/examples] de l'application web s'est terminé en [144] ms
20-May-2021 21:27:37.050 INFOS [main] org.apache.catalina.startup.HostConfig.deployDirectory Déploiement du répertoire d'application web [/Users/mac/Documents/workspace/bookyourframeparent/UAA/apache-tomcat-9.0.34/webapps/ROOT]
20-May-2021 21:27:37.059 INFOS [main] org.apache.catalina.startup.HostConfig.deployDirectory Le déploiement du répertoire [/Users/mac/Documents/workspace/bookyourframeparent/UAA/apache-tomcat-9.0.34/webapps/ROOT] de l'application web s'est terminé en [10] ms
20-May-2021 21:27:37.059 INFOS [main] org.apache.catalina.startup.HostConfig.deployDirectory Déploiement du répertoire d'application web [/Users/mac/Documents/workspace/bookyourframeparent/UAA/apache-tomcat-9.0.34/webapps/host-manager]
20-May-2021 21:27:37.071 INFOS [main] org.apache.catalina.startup.HostConfig.deployDirectory Le déploiement du répertoire [/Users/mac/Documents/workspace/bookyourframeparent/UAA/apache-tomcat-9.0.34/webapps/host-manager] de l'application web s'est terminé en [12] ms
20-May-2021 21:27:37.074 INFOS [main] org.apache.catalina.startup.Catalina.start Le démarrage du serveur a pris [27 737] millisecondes
20-May-2021 21:27:37.077 GRAVE [main] org.apache.catalina.core.StandardServer.await Impossible de créer le sokcet d'arrêt du serveur à l'adresse [localhost] et au port [8005] (port de base [8005] et offset [0])
	java.net.BindException: Address already in use
		at java.net.PlainSocketImpl.socketBind(Native Method)
		at java.net.AbstractPlainSocketImpl.bind(AbstractPlainSocketImpl.java:387)
		at java.net.ServerSocket.bind(ServerSocket.java:375)
		at java.net.ServerSocket.<init>(ServerSocket.java:237)
		at org.apache.catalina.core.StandardServer.await(StandardServer.java:584)
		at org.apache.catalina.startup.Catalina.await(Catalina.java:721)
		at org.apache.catalina.startup.Catalina.start(Catalina.java:667)
		at sun.reflect.NativeMethodAccessorImpl.invoke0(Native Method)
		at sun.reflect.NativeMethodAccessorImpl.invoke(NativeMethodAccessorImpl.java:62)
		at sun.reflect.DelegatingMethodAccessorImpl.invoke(DelegatingMethodAccessorImpl.java:43)
		at java.lang.reflect.Method.invoke(Method.java:497)
		at org.apache.catalina.startup.Bootstrap.start(Bootstrap.java:343)
		at org.apache.catalina.startup.Bootstrap.main(Bootstrap.java:474)
20-May-2021 21:27:37.077 INFOS [main] org.apache.coyote.AbstractProtocol.pause Le gestionnaire de protocole ["http-nio-8089"] est mis en pause
20-May-2021 21:27:37.077 INFOS [main] org.apache.catalina.core.StandardService.stopInternal Arrêt du service [Catalina]
20-May-2021 21:27:37.199 AVERTISSEMENT [main] org.apache.catalina.loader.WebappClassLoaderBase.clearReferencesJdbc L'application web [cloudfoundry-identity-uaa-4.30.0] a enregistré un pilote JDBC [org.hsqldb.jdbc.JDBCDriver], mais ne l'a pas désenregistré avant l'arrêt de l'application.  Pour éviter une fuite de mémoire, le pilote JDBC a été désenregistré de force.
20-May-2021 21:27:37.200 AVERTISSEMENT [main] org.apache.catalina.loader.WebappClassLoaderBase.clearReferencesThreads L'application web [cloudfoundry-identity-uaa-4.30.0] semble avoir démarré un thread nommé [true] mais ne l'a pas arrêté, ce qui va probablement créer une fuite de mémoire ; la trace du thread est : 
 java.lang.Object.wait(Native Method)
 java.lang.Object.wait(Object.java:502)
 java.util.TimerThread.mainLoop(Timer.java:526)
 java.util.TimerThread.run(Timer.java:505)
20-May-2021 21:27:37.201 GRAVE [main] org.apache.catalina.loader.WebappClassLoaderBase.checkThreadLocalMapForLeaks L'application web [cloudfoundry-identity-uaa-4.30.0] a crée un ThreadLocal avec une clé de type [java.lang.ThreadLocal.SuppliedThreadLocal] (valeur [java.lang.ThreadLocal$SuppliedThreadLocal@6b6b4177]) et une valeur de type [org.cloudfoundry.identity.uaa.zone.IdentityZone] (valeur [org.cloudfoundry.identity.uaa.zone.IdentityZone@1c374]) mais ne l'a pas supprimé lorsqu'elle a été arrêtée, les threads seront graduellement renouvelés pour éviter une probable fuite de mémoire
20-May-2021 21:27:37.201 GRAVE [main] org.apache.catalina.loader.WebappClassLoaderBase.checkThreadLocalMapForLeaks L'application web [cloudfoundry-identity-uaa-4.30.0] a crée un ThreadLocal avec une clé de type [java.lang.ThreadLocal.SuppliedThreadLocal] (valeur [java.lang.ThreadLocal$SuppliedThreadLocal@bf32f3f]) et une valeur de type [org.springframework.security.saml.key.JKSKeyManager] (valeur [org.springframework.security.saml.key.JKSKeyManager@70d61624]) mais ne l'a pas supprimé lorsqu'elle a été arrêtée, les threads seront graduellement renouvelés pour éviter une probable fuite de mémoire
20-May-2021 21:27:37.201 GRAVE [main] org.apache.catalina.loader.WebappClassLoaderBase.checkThreadLocalMapForLeaks L'application web [cloudfoundry-identity-uaa-4.30.0] a crée un ThreadLocal avec une clé de type [java.lang.ThreadLocal] (valeur [java.lang.ThreadLocal@4a0161ee]) et une valeur de type [org.springframework.security.core.context.SecurityContextImpl] (valeur [org.springframework.security.core.context.SecurityContextImpl@ffffffff: Null authentication]) mais ne l'a pas supprimé lorsqu'elle a été arrêtée, les threads seront graduellement renouvelés pour éviter une probable fuite de mémoire
20-May-2021 21:27:37.215 INFOS [main] org.apache.coyote.AbstractProtocol.stop Arrêt du gestionnaire de protocole ["http-nio-8089"]
20-May-2021 21:27:37.216 INFOS [main] org.apache.coyote.AbstractProtocol.destroy Destruction du gestionnaire de protocole ["http-nio-8089"]
