2020-04-13 12:47:19,007 INFO org.springframework.boot.StartupInfoLogger [main] Starting IAMApplication on macs-mbp.home with PID 13506 (/Users/mac/Documents/workspace/bookyourframeparent/IAMparent/IAM-launcher/target/classes started by mac in /Users/mac/Documents/workspace/bookyourframeparent)
2020-04-13 12:47:19,013 INFO org.springframework.boot.SpringApplication [main] No active profile set, falling back to default profiles: default
2020-04-13 12:47:19,491 INFO org.springframework.data.repository.config.RepositoryConfigurationDelegate [main] Bootstrapping Spring Data JPA repositories in DEFAULT mode.
2020-04-13 12:47:19,512 INFO org.springframework.data.repository.config.RepositoryConfigurationDelegate [main] Finished Spring Data repository scanning in 13ms. Found 0 JPA repository interfaces.
2020-04-13 12:47:19,881 INFO com.zaxxer.hikari.HikariDataSource [main] HikariPool-1 - Starting...
2020-04-13 12:47:20,060 INFO com.zaxxer.hikari.HikariDataSource [main] HikariPool-1 - Start completed.
2020-04-13 12:47:20,123 INFO org.hibernate.jpa.internal.util.LogHelper [main] HHH000204: Processing PersistenceUnitInfo [name: default]
2020-04-13 12:47:20,186 INFO org.hibernate.Version [main] HHH000412: Hibernate ORM core version 5.4.12.Final
2020-04-13 12:47:20,341 INFO org.hibernate.annotations.common.reflection.java.JavaReflectionManager [main] HCANN000001: Hibernate Commons Annotations {5.1.0.Final}
2020-04-13 12:47:20,473 INFO org.hibernate.dialect.Dialect [main] HHH000400: Using dialect: org.hibernate.dialect.H2Dialect
2020-04-13 12:47:20,717 INFO org.hibernate.engine.transaction.jta.platform.internal.JtaPlatformInitiator [main] HHH000490: Using JtaPlatform implementation: [org.hibernate.engine.transaction.jta.platform.internal.NoJtaPlatform]
2020-04-13 12:47:20,723 INFO org.springframework.orm.jpa.AbstractEntityManagerFactoryBean [main] Initialized JPA EntityManagerFactory for persistence unit 'default'
2020-04-13 12:47:20,873 INFO org.springframework.boot.StartupInfoLogger [main] Started IAMApplication in 2.41 seconds (JVM running for 2.816)
2020-04-13 12:47:20,876 INFO org.springframework.orm.jpa.AbstractEntityManagerFactoryBean [SpringContextShutdownHook] Closing JPA EntityManagerFactory for persistence unit 'default'
2020-04-13 12:47:20,876 INFO org.hibernate.tool.schema.internal.SchemaDropperImpl$DelayedDropActionImpl [SpringContextShutdownHook] HHH000477: Starting delayed evictData of schema as part of SessionFactory shut-down'
2020-04-13 12:47:20,878 INFO com.zaxxer.hikari.HikariDataSource [SpringContextShutdownHook] HikariPool-1 - Shutdown initiated...
2020-04-13 12:47:20,880 INFO com.zaxxer.hikari.HikariDataSource [SpringContextShutdownHook] HikariPool-1 - Shutdown completed.
2020-04-13 12:49:49,983 INFO org.springframework.boot.StartupInfoLogger [main] Starting IAMApplication on macs-mbp.home with PID 13509 (/Users/mac/Documents/workspace/bookyourframeparent/IAMparent/IAM-launcher/target/classes started by mac in /Users/mac/Documents/workspace/bookyourframeparent)
2020-04-13 12:49:49,986 INFO org.springframework.boot.SpringApplication [main] No active profile set, falling back to default profiles: default
2020-04-13 12:49:50,484 INFO org.springframework.data.repository.config.RepositoryConfigurationDelegate [main] Bootstrapping Spring Data JPA repositories in DEFAULT mode.
2020-04-13 12:49:50,506 INFO org.springframework.data.repository.config.RepositoryConfigurationDelegate [main] Finished Spring Data repository scanning in 14ms. Found 0 JPA repository interfaces.
2020-04-13 12:49:50,878 INFO com.zaxxer.hikari.HikariDataSource [main] HikariPool-1 - Starting...
2020-04-13 12:49:51,051 INFO com.zaxxer.hikari.HikariDataSource [main] HikariPool-1 - Start completed.
2020-04-13 12:49:51,109 INFO org.hibernate.jpa.internal.util.LogHelper [main] HHH000204: Processing PersistenceUnitInfo [name: default]
2020-04-13 12:49:51,173 INFO org.hibernate.Version [main] HHH000412: Hibernate ORM core version 5.4.12.Final
2020-04-13 12:49:51,328 INFO org.hibernate.annotations.common.reflection.java.JavaReflectionManager [main] HCANN000001: Hibernate Commons Annotations {5.1.0.Final}
2020-04-13 12:49:51,461 INFO org.hibernate.dialect.Dialect [main] HHH000400: Using dialect: org.hibernate.dialect.H2Dialect
2020-04-13 12:49:51,708 INFO org.hibernate.engine.transaction.jta.platform.internal.JtaPlatformInitiator [main] HHH000490: Using JtaPlatform implementation: [org.hibernate.engine.transaction.jta.platform.internal.NoJtaPlatform]
2020-04-13 12:49:51,714 INFO org.springframework.orm.jpa.AbstractEntityManagerFactoryBean [main] Initialized JPA EntityManagerFactory for persistence unit 'default'
2020-04-13 12:49:51,878 INFO org.springframework.boot.StartupInfoLogger [main] Started IAMApplication in 2.403 seconds (JVM running for 2.825)
2020-04-13 12:49:51,881 INFO org.springframework.orm.jpa.AbstractEntityManagerFactoryBean [SpringContextShutdownHook] Closing JPA EntityManagerFactory for persistence unit 'default'
2020-04-13 12:49:51,882 INFO org.hibernate.tool.schema.internal.SchemaDropperImpl$DelayedDropActionImpl [SpringContextShutdownHook] HHH000477: Starting delayed evictData of schema as part of SessionFactory shut-down'
2020-04-13 12:49:51,884 INFO com.zaxxer.hikari.HikariDataSource [SpringContextShutdownHook] HikariPool-1 - Shutdown initiated...
2020-04-13 12:49:51,885 INFO com.zaxxer.hikari.HikariDataSource [SpringContextShutdownHook] HikariPool-1 - Shutdown completed.
2020-04-13 12:52:10,868 INFO org.springframework.boot.StartupInfoLogger [main] Starting IAMApplication on macs-mbp.home with PID 13516 (/Users/mac/Documents/workspace/bookyourframeparent/IAMparent/IAM-launcher/target/classes started by mac in /Users/mac/Documents/workspace/bookyourframeparent)
2020-04-13 12:52:10,872 INFO org.springframework.boot.SpringApplication [main] No active profile set, falling back to default profiles: default
2020-04-13 12:52:11,378 INFO org.springframework.data.repository.config.RepositoryConfigurationDelegate [main] Bootstrapping Spring Data JPA repositories in DEFAULT mode.
2020-04-13 12:52:11,402 INFO org.springframework.data.repository.config.RepositoryConfigurationDelegate [main] Finished Spring Data repository scanning in 14ms. Found 0 JPA repository interfaces.
2020-04-13 12:52:11,783 INFO com.zaxxer.hikari.HikariDataSource [main] HikariPool-1 - Starting...
2020-04-13 12:52:11,970 INFO com.zaxxer.hikari.HikariDataSource [main] HikariPool-1 - Start completed.
2020-04-13 12:52:12,030 INFO org.hibernate.jpa.internal.util.LogHelper [main] HHH000204: Processing PersistenceUnitInfo [name: default]
2020-04-13 12:52:12,095 INFO org.hibernate.Version [main] HHH000412: Hibernate ORM core version 5.4.12.Final
2020-04-13 12:52:12,273 INFO org.hibernate.annotations.common.reflection.java.JavaReflectionManager [main] HCANN000001: Hibernate Commons Annotations {5.1.0.Final}
2020-04-13 12:52:12,393 INFO org.hibernate.dialect.Dialect [main] HHH000400: Using dialect: org.hibernate.dialect.H2Dialect
2020-04-13 12:52:12,624 INFO org.hibernate.engine.transaction.jta.platform.internal.JtaPlatformInitiator [main] HHH000490: Using JtaPlatform implementation: [org.hibernate.engine.transaction.jta.platform.internal.NoJtaPlatform]
2020-04-13 12:52:12,631 INFO org.springframework.orm.jpa.AbstractEntityManagerFactoryBean [main] Initialized JPA EntityManagerFactory for persistence unit 'default'
2020-04-13 12:52:12,797 INFO org.springframework.boot.StartupInfoLogger [main] Started IAMApplication in 2.532 seconds (JVM running for 2.935)
2020-04-13 12:52:12,800 INFO org.springframework.orm.jpa.AbstractEntityManagerFactoryBean [SpringContextShutdownHook] Closing JPA EntityManagerFactory for persistence unit 'default'
2020-04-13 12:52:12,800 INFO org.hibernate.tool.schema.internal.SchemaDropperImpl$DelayedDropActionImpl [SpringContextShutdownHook] HHH000477: Starting delayed evictData of schema as part of SessionFactory shut-down'
2020-04-13 12:52:12,803 INFO com.zaxxer.hikari.HikariDataSource [SpringContextShutdownHook] HikariPool-1 - Shutdown initiated...
2020-04-13 12:52:12,804 INFO com.zaxxer.hikari.HikariDataSource [SpringContextShutdownHook] HikariPool-1 - Shutdown completed.
2020-04-13 12:57:22,521 INFO org.springframework.boot.StartupInfoLogger [main] Starting IAMApplication on macs-mbp.home with PID 13536 (/Users/mac/Documents/workspace/bookyourframeparent/IAMparent/IAM-launcher/target/classes started by mac in /Users/mac/Documents/workspace/bookyourframeparent)
2020-04-13 12:57:22,525 INFO org.springframework.boot.SpringApplication [main] No active profile set, falling back to default profiles: default
2020-04-13 12:57:23,054 INFO org.springframework.data.repository.config.RepositoryConfigurationDelegate [main] Bootstrapping Spring Data JPA repositories in DEFAULT mode.
2020-04-13 12:57:23,076 INFO org.springframework.data.repository.config.RepositoryConfigurationDelegate [main] Finished Spring Data repository scanning in 13ms. Found 0 JPA repository interfaces.
2020-04-13 12:57:23,424 INFO com.zaxxer.hikari.HikariDataSource [main] HikariPool-1 - Starting...
2020-04-13 12:57:23,616 INFO com.zaxxer.hikari.HikariDataSource [main] HikariPool-1 - Start completed.
2020-04-13 12:57:23,678 INFO org.hibernate.jpa.internal.util.LogHelper [main] HHH000204: Processing PersistenceUnitInfo [name: default]
2020-04-13 12:57:23,765 INFO org.hibernate.Version [main] HHH000412: Hibernate ORM core version 5.4.12.Final
2020-04-13 12:57:23,942 INFO org.hibernate.annotations.common.reflection.java.JavaReflectionManager [main] HCANN000001: Hibernate Commons Annotations {5.1.0.Final}
2020-04-13 12:57:24,065 INFO org.hibernate.dialect.Dialect [main] HHH000400: Using dialect: org.hibernate.dialect.H2Dialect
2020-04-13 12:57:24,291 INFO org.hibernate.engine.transaction.jta.platform.internal.JtaPlatformInitiator [main] HHH000490: Using JtaPlatform implementation: [org.hibernate.engine.transaction.jta.platform.internal.NoJtaPlatform]
2020-04-13 12:57:24,298 INFO org.springframework.orm.jpa.AbstractEntityManagerFactoryBean [main] Initialized JPA EntityManagerFactory for persistence unit 'default'
2020-04-13 12:57:24,461 INFO org.springframework.boot.StartupInfoLogger [main] Started IAMApplication in 2.51 seconds (JVM running for 2.918)
2020-04-13 12:57:24,464 INFO org.springframework.orm.jpa.AbstractEntityManagerFactoryBean [SpringContextShutdownHook] Closing JPA EntityManagerFactory for persistence unit 'default'
2020-04-13 12:57:24,464 INFO org.hibernate.tool.schema.internal.SchemaDropperImpl$DelayedDropActionImpl [SpringContextShutdownHook] HHH000477: Starting delayed evictData of schema as part of SessionFactory shut-down'
2020-04-13 12:57:24,466 INFO com.zaxxer.hikari.HikariDataSource [SpringContextShutdownHook] HikariPool-1 - Shutdown initiated...
2020-04-13 12:57:24,468 INFO com.zaxxer.hikari.HikariDataSource [SpringContextShutdownHook] HikariPool-1 - Shutdown completed.
2020-04-13 13:09:18,819 INFO org.springframework.boot.StartupInfoLogger [main] Starting IAMApplication on macs-mbp.home with PID 13603 (/Users/mac/Documents/workspace/bookyourframeparent/IAMparent/IAM-launcher/target/classes started by mac in /Users/mac/Documents/workspace/bookyourframeparent)
2020-04-13 13:09:18,823 INFO org.springframework.boot.SpringApplication [main] No active profile set, falling back to default profiles: default
2020-04-13 13:09:19,578 INFO org.springframework.boot.StartupInfoLogger [main] Started IAMApplication in 1.312 seconds (JVM running for 1.714)
2020-04-13 13:09:41,140 INFO org.springframework.boot.StartupInfoLogger [main] Starting IAMApplication on macs-mbp.home with PID 13611 (/Users/mac/Documents/workspace/bookyourframeparent/IAMparent/IAM-launcher/target/classes started by mac in /Users/mac/Documents/workspace/bookyourframeparent)
2020-04-13 13:09:41,147 INFO org.springframework.boot.SpringApplication [main] No active profile set, falling back to default profiles: default
2020-04-13 13:09:41,910 INFO org.springframework.boot.StartupInfoLogger [main] Started IAMApplication in 1.339 seconds (JVM running for 1.759)
2020-04-13 13:10:31,788 INFO org.springframework.boot.StartupInfoLogger [main] Starting IAMApplication on macs-mbp.home with PID 13620 (/Users/mac/Documents/workspace/bookyourframeparent/IAMparent/IAM-launcher/target/classes started by mac in /Users/mac/Documents/workspace/bookyourframeparent)
2020-04-13 13:10:31,791 INFO org.springframework.boot.SpringApplication [main] No active profile set, falling back to default profiles: default
2020-04-13 13:10:32,591 INFO org.springframework.boot.StartupInfoLogger [main] Started IAMApplication in 1.438 seconds (JVM running for 1.912)
2020-04-13 13:12:33,828 INFO org.springframework.boot.StartupInfoLogger [main] Starting IAMApplication on macs-mbp.home with PID 13626 (/Users/mac/Documents/workspace/bookyourframeparent/IAMparent/IAM-launcher/target/classes started by mac in /Users/mac/Documents/workspace/bookyourframeparent)
2020-04-13 13:12:33,834 INFO org.springframework.boot.SpringApplication [main] No active profile set, falling back to default profiles: default
2020-04-13 13:12:34,355 INFO org.springframework.data.repository.config.RepositoryConfigurationDelegate [main] Bootstrapping Spring Data JPA repositories in DEFAULT mode.
2020-04-13 13:12:34,377 INFO org.springframework.data.repository.config.RepositoryConfigurationDelegate [main] Finished Spring Data repository scanning in 14ms. Found 0 JPA repository interfaces.
2020-04-13 13:12:34,711 INFO com.zaxxer.hikari.HikariDataSource [main] HikariPool-1 - Starting...
2020-04-13 13:12:34,907 INFO com.zaxxer.hikari.HikariDataSource [main] HikariPool-1 - Start completed.
2020-04-13 13:12:34,972 INFO org.hibernate.jpa.internal.util.LogHelper [main] HHH000204: Processing PersistenceUnitInfo [name: default]
2020-04-13 13:12:35,059 INFO org.hibernate.Version [main] HHH000412: Hibernate ORM core version 5.4.12.Final
2020-04-13 13:12:35,244 INFO org.hibernate.annotations.common.reflection.java.JavaReflectionManager [main] HCANN000001: Hibernate Commons Annotations {5.1.0.Final}
2020-04-13 13:12:35,358 INFO org.hibernate.dialect.Dialect [main] HHH000400: Using dialect: org.hibernate.dialect.H2Dialect
2020-04-13 13:12:35,594 INFO org.hibernate.engine.transaction.jta.platform.internal.JtaPlatformInitiator [main] HHH000490: Using JtaPlatform implementation: [org.hibernate.engine.transaction.jta.platform.internal.NoJtaPlatform]
2020-04-13 13:12:35,601 INFO org.springframework.orm.jpa.AbstractEntityManagerFactoryBean [main] Initialized JPA EntityManagerFactory for persistence unit 'default'
2020-04-13 13:12:35,774 INFO org.springframework.boot.StartupInfoLogger [main] Started IAMApplication in 2.522 seconds (JVM running for 2.938)
2020-04-13 13:12:35,777 INFO org.springframework.orm.jpa.AbstractEntityManagerFactoryBean [SpringContextShutdownHook] Closing JPA EntityManagerFactory for persistence unit 'default'
2020-04-13 13:12:35,778 INFO org.hibernate.tool.schema.internal.SchemaDropperImpl$DelayedDropActionImpl [SpringContextShutdownHook] HHH000477: Starting delayed evictData of schema as part of SessionFactory shut-down'
2020-04-13 13:12:35,780 INFO com.zaxxer.hikari.HikariDataSource [SpringContextShutdownHook] HikariPool-1 - Shutdown initiated...
2020-04-13 13:12:35,782 INFO com.zaxxer.hikari.HikariDataSource [SpringContextShutdownHook] HikariPool-1 - Shutdown completed.
2020-04-13 13:19:22,028 INFO org.springframework.boot.StartupInfoLogger [main] Starting IAMApplication on macs-mbp.home with PID 13643 (/Users/mac/Documents/workspace/bookyourframeparent/IAMparent/IAM-launcher/target/classes started by mac in /Users/mac/Documents/workspace/bookyourframeparent)
2020-04-13 13:19:22,035 INFO org.springframework.boot.SpringApplication [main] No active profile set, falling back to default profiles: default
2020-04-13 13:19:22,576 INFO org.springframework.data.repository.config.RepositoryConfigurationDelegate [main] Bootstrapping Spring Data JPA repositories in DEFAULT mode.
2020-04-13 13:19:22,598 INFO org.springframework.data.repository.config.RepositoryConfigurationDelegate [main] Finished Spring Data repository scanning in 14ms. Found 0 JPA repository interfaces.
2020-04-13 13:19:22,934 INFO com.zaxxer.hikari.HikariDataSource [main] HikariPool-1 - Starting...
2020-04-13 13:19:23,137 INFO com.zaxxer.hikari.HikariDataSource [main] HikariPool-1 - Start completed.
2020-04-13 13:19:23,208 INFO org.hibernate.jpa.internal.util.LogHelper [main] HHH000204: Processing PersistenceUnitInfo [name: default]
2020-04-13 13:19:23,290 INFO org.hibernate.Version [main] HHH000412: Hibernate ORM core version 5.4.12.Final
2020-04-13 13:19:23,472 INFO org.hibernate.annotations.common.reflection.java.JavaReflectionManager [main] HCANN000001: Hibernate Commons Annotations {5.1.0.Final}
2020-04-13 13:19:23,591 INFO org.hibernate.dialect.Dialect [main] HHH000400: Using dialect: org.hibernate.dialect.H2Dialect
2020-04-13 13:19:23,825 INFO org.hibernate.engine.transaction.jta.platform.internal.JtaPlatformInitiator [main] HHH000490: Using JtaPlatform implementation: [org.hibernate.engine.transaction.jta.platform.internal.NoJtaPlatform]
2020-04-13 13:19:23,832 INFO org.springframework.orm.jpa.AbstractEntityManagerFactoryBean [main] Initialized JPA EntityManagerFactory for persistence unit 'default'
2020-04-13 13:19:23,991 INFO org.springframework.boot.StartupInfoLogger [main] Started IAMApplication in 2.569 seconds (JVM running for 3.0)
2020-04-13 13:19:23,994 INFO org.springframework.orm.jpa.AbstractEntityManagerFactoryBean [SpringContextShutdownHook] Closing JPA EntityManagerFactory for persistence unit 'default'
2020-04-13 13:19:23,995 INFO org.hibernate.tool.schema.internal.SchemaDropperImpl$DelayedDropActionImpl [SpringContextShutdownHook] HHH000477: Starting delayed evictData of schema as part of SessionFactory shut-down'
2020-04-13 13:19:23,998 INFO com.zaxxer.hikari.HikariDataSource [SpringContextShutdownHook] HikariPool-1 - Shutdown initiated...
2020-04-13 13:19:24,000 INFO com.zaxxer.hikari.HikariDataSource [SpringContextShutdownHook] HikariPool-1 - Shutdown completed.
2020-04-13 13:25:15,263 INFO org.springframework.boot.StartupInfoLogger [main] Starting IAMApplication on macs-mbp.home with PID 13660 (/Users/mac/Documents/workspace/bookyourframeparent/IAMparent/IAM-launcher/target/classes started by mac in /Users/mac/Documents/workspace/bookyourframeparent)
2020-04-13 13:25:15,267 INFO org.springframework.boot.SpringApplication [main] No active profile set, falling back to default profiles: default
2020-04-13 13:25:15,770 INFO org.springframework.data.repository.config.RepositoryConfigurationDelegate [main] Bootstrapping Spring Data JPA repositories in DEFAULT mode.
2020-04-13 13:25:15,833 INFO org.springframework.data.repository.config.RepositoryConfigurationDelegate [main] Finished Spring Data repository scanning in 54ms. Found 1 JPA repository interfaces.
2020-04-13 13:25:16,180 INFO com.zaxxer.hikari.HikariDataSource [main] HikariPool-1 - Starting...
2020-04-13 13:25:16,389 INFO com.zaxxer.hikari.HikariDataSource [main] HikariPool-1 - Start completed.
2020-04-13 13:25:16,459 INFO org.hibernate.jpa.internal.util.LogHelper [main] HHH000204: Processing PersistenceUnitInfo [name: default]
2020-04-13 13:25:16,525 INFO org.hibernate.Version [main] HHH000412: Hibernate ORM core version 5.4.12.Final
2020-04-13 13:25:16,706 INFO org.hibernate.annotations.common.reflection.java.JavaReflectionManager [main] HCANN000001: Hibernate Commons Annotations {5.1.0.Final}
2020-04-13 13:25:16,839 INFO org.hibernate.dialect.Dialect [main] HHH000400: Using dialect: org.hibernate.dialect.H2Dialect
2020-04-13 13:25:17,437 INFO org.hibernate.engine.transaction.jta.platform.internal.JtaPlatformInitiator [main] HHH000490: Using JtaPlatform implementation: [org.hibernate.engine.transaction.jta.platform.internal.NoJtaPlatform]
2020-04-13 13:25:17,445 INFO org.springframework.orm.jpa.AbstractEntityManagerFactoryBean [main] Initialized JPA EntityManagerFactory for persistence unit 'default'
2020-04-13 13:25:17,819 INFO org.springframework.boot.StartupInfoLogger [main] Started IAMApplication in 3.18 seconds (JVM running for 3.619)
2020-04-13 13:25:17,823 INFO org.springframework.orm.jpa.AbstractEntityManagerFactoryBean [SpringContextShutdownHook] Closing JPA EntityManagerFactory for persistence unit 'default'
2020-04-13 13:25:17,823 INFO org.hibernate.tool.schema.internal.SchemaDropperImpl$DelayedDropActionImpl [SpringContextShutdownHook] HHH000477: Starting delayed evictData of schema as part of SessionFactory shut-down'
2020-04-13 13:25:17,825 WARN org.hibernate.engine.jdbc.spi.SqlExceptionHelper [SpringContextShutdownHook] SQL Error: 90121, SQLState: 90121
2020-04-13 13:25:17,825 ERROR org.hibernate.engine.jdbc.spi.SqlExceptionHelper [SpringContextShutdownHook] La base de données est déjà fermée (pour désactiver la fermeture automatique à l'arrêt de la VM, ajoutez "; DB_CLOSE_ON_EXIT = FALSE" à l'URL db)
Database is already closed (to disable automatic closing at VM shutdown, add ";DB_CLOSE_ON_EXIT=FALSE" to the db URL) [90121-200]
2020-04-13 13:25:17,826 WARN org.hibernate.engine.jdbc.spi.SqlExceptionHelper [SpringContextShutdownHook] SQL Error: 90121, SQLState: 90121
2020-04-13 13:25:17,827 ERROR org.hibernate.engine.jdbc.spi.SqlExceptionHelper [SpringContextShutdownHook] La base de données est déjà fermée (pour désactiver la fermeture automatique à l'arrêt de la VM, ajoutez "; DB_CLOSE_ON_EXIT = FALSE" à l'URL db)
Database is already closed (to disable automatic closing at VM shutdown, add ";DB_CLOSE_ON_EXIT=FALSE" to the db URL) [90121-200]
2020-04-13 13:25:17,827 WARN org.springframework.beans.factory.support.DisposableBeanAdapter [SpringContextShutdownHook] Invocation of destroy method failed on bean with name 'entityManagerFactory': org.hibernate.exception.JDBCConnectionException: Unable to release JDBC Connection used for DDL execution
2020-04-13 13:25:17,828 INFO com.zaxxer.hikari.HikariDataSource [SpringContextShutdownHook] HikariPool-1 - Shutdown initiated...
2020-04-13 13:25:17,830 INFO com.zaxxer.hikari.HikariDataSource [SpringContextShutdownHook] HikariPool-1 - Shutdown completed.
2020-04-13 13:38:13,281 INFO org.springframework.boot.StartupInfoLogger [main] Starting IAMApplication on macs-mbp.home with PID 13720 (/Users/mac/Documents/workspace/bookyourframeparent/IAMparent/IAM-launcher/target/classes started by mac in /Users/mac/Documents/workspace/bookyourframeparent)
2020-04-13 13:38:13,285 INFO org.springframework.boot.SpringApplication [main] No active profile set, falling back to default profiles: default
2020-04-13 13:38:13,949 INFO org.springframework.data.repository.config.RepositoryConfigurationDelegate [main] Bootstrapping Spring Data JPA repositories in DEFAULT mode.
2020-04-13 13:38:14,018 INFO org.springframework.data.repository.config.RepositoryConfigurationDelegate [main] Finished Spring Data repository scanning in 59ms. Found 1 JPA repository interfaces.
2020-04-13 13:38:14,504 INFO com.zaxxer.hikari.HikariDataSource [main] HikariPool-1 - Starting...
2020-04-13 13:38:14,710 INFO com.zaxxer.hikari.HikariDataSource [main] HikariPool-1 - Start completed.
2020-04-13 13:38:14,783 INFO org.hibernate.jpa.internal.util.LogHelper [main] HHH000204: Processing PersistenceUnitInfo [name: default]
2020-04-13 13:38:14,862 INFO org.hibernate.Version [main] HHH000412: Hibernate ORM core version 5.4.12.Final
2020-04-13 13:38:15,086 INFO org.hibernate.annotations.common.reflection.java.JavaReflectionManager [main] HCANN000001: Hibernate Commons Annotations {5.1.0.Final}
2020-04-13 13:38:15,204 INFO org.hibernate.dialect.Dialect [main] HHH000400: Using dialect: org.hibernate.dialect.H2Dialect
2020-04-13 13:38:15,809 INFO org.hibernate.engine.transaction.jta.platform.internal.JtaPlatformInitiator [main] HHH000490: Using JtaPlatform implementation: [org.hibernate.engine.transaction.jta.platform.internal.NoJtaPlatform]
2020-04-13 13:38:15,816 INFO org.springframework.orm.jpa.AbstractEntityManagerFactoryBean [main] Initialized JPA EntityManagerFactory for persistence unit 'default'
2020-04-13 13:38:16,315 INFO org.springframework.boot.StartupInfoLogger [main] Started IAMApplication in 3.742 seconds (JVM running for 4.289)
2020-04-13 13:38:16,319 INFO org.springframework.orm.jpa.AbstractEntityManagerFactoryBean [SpringContextShutdownHook] Closing JPA EntityManagerFactory for persistence unit 'default'
2020-04-13 13:38:16,319 INFO org.hibernate.tool.schema.internal.SchemaDropperImpl$DelayedDropActionImpl [SpringContextShutdownHook] HHH000477: Starting delayed evictData of schema as part of SessionFactory shut-down'
2020-04-13 13:38:16,325 INFO com.zaxxer.hikari.HikariDataSource [SpringContextShutdownHook] HikariPool-1 - Shutdown initiated...
2020-04-13 13:38:16,328 INFO com.zaxxer.hikari.HikariDataSource [SpringContextShutdownHook] HikariPool-1 - Shutdown completed.
2020-04-13 13:41:55,119 INFO org.springframework.boot.StartupInfoLogger [main] Starting IAMApplication on macs-mbp.home with PID 13727 (/Users/mac/Documents/workspace/bookyourframeparent/IAMparent/IAM-launcher/target/classes started by mac in /Users/mac/Documents/workspace/bookyourframeparent)
2020-04-13 13:41:55,127 INFO org.springframework.boot.SpringApplication [main] No active profile set, falling back to default profiles: default
2020-04-13 13:41:55,759 INFO org.springframework.data.repository.config.RepositoryConfigurationDelegate [main] Bootstrapping Spring Data JPA repositories in DEFAULT mode.
2020-04-13 13:41:55,845 INFO org.springframework.data.repository.config.RepositoryConfigurationDelegate [main] Finished Spring Data repository scanning in 76ms. Found 1 JPA repository interfaces.
2020-04-13 13:41:56,374 INFO com.zaxxer.hikari.HikariDataSource [main] HikariPool-1 - Starting...
2020-04-13 13:41:56,577 INFO com.zaxxer.hikari.HikariDataSource [main] HikariPool-1 - Start completed.
2020-04-13 13:41:56,658 INFO org.hibernate.jpa.internal.util.LogHelper [main] HHH000204: Processing PersistenceUnitInfo [name: default]
2020-04-13 13:41:56,740 INFO org.hibernate.Version [main] HHH000412: Hibernate ORM core version 5.4.12.Final
2020-04-13 13:41:57,011 INFO org.hibernate.annotations.common.reflection.java.JavaReflectionManager [main] HCANN000001: Hibernate Commons Annotations {5.1.0.Final}
2020-04-13 13:41:57,165 INFO org.hibernate.dialect.Dialect [main] HHH000400: Using dialect: org.hibernate.dialect.H2Dialect
2020-04-13 13:41:57,788 INFO org.hibernate.engine.transaction.jta.platform.internal.JtaPlatformInitiator [main] HHH000490: Using JtaPlatform implementation: [org.hibernate.engine.transaction.jta.platform.internal.NoJtaPlatform]
2020-04-13 13:41:57,796 INFO org.springframework.orm.jpa.AbstractEntityManagerFactoryBean [main] Initialized JPA EntityManagerFactory for persistence unit 'default'
2020-04-13 13:41:58,357 INFO org.springframework.boot.StartupInfoLogger [main] Started IAMApplication in 4.033 seconds (JVM running for 4.571)
2020-04-13 13:41:58,361 INFO org.springframework.orm.jpa.AbstractEntityManagerFactoryBean [SpringContextShutdownHook] Closing JPA EntityManagerFactory for persistence unit 'default'
2020-04-13 13:41:58,362 INFO org.hibernate.tool.schema.internal.SchemaDropperImpl$DelayedDropActionImpl [SpringContextShutdownHook] HHH000477: Starting delayed evictData of schema as part of SessionFactory shut-down'
2020-04-13 13:41:58,369 INFO com.zaxxer.hikari.HikariDataSource [SpringContextShutdownHook] HikariPool-1 - Shutdown initiated...
2020-04-13 13:41:58,374 INFO com.zaxxer.hikari.HikariDataSource [SpringContextShutdownHook] HikariPool-1 - Shutdown completed.
2020-04-13 13:47:05,330 INFO org.springframework.boot.StartupInfoLogger [main] Starting IAMApplication on macs-mbp.home with PID 13735 (/Users/mac/Documents/workspace/bookyourframeparent/IAMparent/IAM-launcher/target/classes started by mac in /Users/mac/Documents/workspace/bookyourframeparent)
2020-04-13 13:47:05,334 INFO org.springframework.boot.SpringApplication [main] No active profile set, falling back to default profiles: default
2020-04-13 13:47:06,126 INFO org.springframework.data.repository.config.RepositoryConfigurationDelegate [main] Bootstrapping Spring Data JPA repositories in DEFAULT mode.
2020-04-13 13:47:06,285 INFO org.springframework.data.repository.config.RepositoryConfigurationDelegate [main] Finished Spring Data repository scanning in 127ms. Found 1 JPA repository interfaces.
2020-04-13 13:47:06,857 INFO com.zaxxer.hikari.HikariDataSource [main] HikariPool-1 - Starting...
2020-04-13 13:47:07,257 INFO com.zaxxer.hikari.HikariDataSource [main] HikariPool-1 - Start completed.
2020-04-13 13:47:07,375 INFO org.hibernate.jpa.internal.util.LogHelper [main] HHH000204: Processing PersistenceUnitInfo [name: default]
2020-04-13 13:47:07,498 INFO org.hibernate.Version [main] HHH000412: Hibernate ORM core version 5.4.12.Final
2020-04-13 13:47:07,869 INFO org.hibernate.annotations.common.reflection.java.JavaReflectionManager [main] HCANN000001: Hibernate Commons Annotations {5.1.0.Final}
2020-04-13 13:47:08,027 INFO org.hibernate.dialect.Dialect [main] HHH000400: Using dialect: org.hibernate.dialect.H2Dialect
2020-04-13 13:47:08,669 INFO org.hibernate.engine.transaction.jta.platform.internal.JtaPlatformInitiator [main] HHH000490: Using JtaPlatform implementation: [org.hibernate.engine.transaction.jta.platform.internal.NoJtaPlatform]
2020-04-13 13:47:08,677 INFO org.springframework.orm.jpa.AbstractEntityManagerFactoryBean [main] Initialized JPA EntityManagerFactory for persistence unit 'default'
2020-04-13 13:47:09,189 INFO org.springframework.boot.StartupInfoLogger [main] Started IAMApplication in 4.671 seconds (JVM running for 5.246)
2020-04-13 13:47:09,194 INFO org.springframework.orm.jpa.AbstractEntityManagerFactoryBean [SpringContextShutdownHook] Closing JPA EntityManagerFactory for persistence unit 'default'
2020-04-13 13:47:09,194 INFO org.hibernate.tool.schema.internal.SchemaDropperImpl$DelayedDropActionImpl [SpringContextShutdownHook] HHH000477: Starting delayed evictData of schema as part of SessionFactory shut-down'
2020-04-13 13:47:09,202 INFO com.zaxxer.hikari.HikariDataSource [SpringContextShutdownHook] HikariPool-1 - Shutdown initiated...
2020-04-13 13:47:09,206 INFO com.zaxxer.hikari.HikariDataSource [SpringContextShutdownHook] HikariPool-1 - Shutdown completed.
2020-04-13 13:55:04,269 DEBUG org.hibernate.validator.messageinterpolation.ResourceBundleMessageInterpolator [background-preinit] Loaded expression factory via original TCCL
2020-04-13 13:55:04,925 INFO org.springframework.boot.StartupInfoLogger [main] Starting IAMApplication on macs-mbp.home with PID 13760 (/Users/mac/Documents/workspace/bookyourframeparent/IAMparent/IAM-launcher/target/classes started by mac in /Users/mac/Documents/workspace/bookyourframeparent)
2020-04-13 13:55:04,931 INFO org.springframework.boot.SpringApplication [main] No active profile set, falling back to default profiles: default
2020-04-13 13:55:06,935 INFO org.springframework.data.repository.config.RepositoryConfigurationDelegate [main] Bootstrapping Spring Data JPA repositories in DEFAULT mode.
2020-04-13 13:55:07,203 INFO org.springframework.data.repository.config.RepositoryConfigurationDelegate [main] Finished Spring Data repository scanning in 237ms. Found 1 JPA repository interfaces.
2020-04-13 13:55:08,710 INFO com.zaxxer.hikari.HikariDataSource [main] HikariPool-1 - Starting...
2020-04-13 13:55:09,512 INFO com.zaxxer.hikari.HikariDataSource [main] HikariPool-1 - Start completed.
2020-04-13 13:55:09,772 INFO org.hibernate.jpa.internal.util.LogHelper [main] HHH000204: Processing PersistenceUnitInfo [name: default]
2020-04-13 13:55:10,124 INFO org.hibernate.Version [main] HHH000412: Hibernate ORM core version 5.4.12.Final
2020-04-13 13:55:10,891 INFO org.hibernate.annotations.common.reflection.java.JavaReflectionManager [main] HCANN000001: Hibernate Commons Annotations {5.1.0.Final}
2020-04-13 13:55:11,440 INFO org.hibernate.dialect.Dialect [main] HHH000400: Using dialect: org.hibernate.dialect.H2Dialect
2020-04-13 13:55:13,871 INFO org.hibernate.engine.transaction.jta.platform.internal.JtaPlatformInitiator [main] HHH000490: Using JtaPlatform implementation: [org.hibernate.engine.transaction.jta.platform.internal.NoJtaPlatform]
2020-04-13 13:55:13,897 INFO org.springframework.orm.jpa.AbstractEntityManagerFactoryBean [main] Initialized JPA EntityManagerFactory for persistence unit 'default'
2020-04-13 13:55:15,848 INFO org.springframework.boot.StartupInfoLogger [main] Started IAMApplication in 12.931 seconds (JVM running for 14.594)
2020-04-13 13:55:15,867 INFO org.springframework.orm.jpa.AbstractEntityManagerFactoryBean [SpringContextShutdownHook] Closing JPA EntityManagerFactory for persistence unit 'default'
2020-04-13 13:55:15,869 INFO org.hibernate.tool.schema.internal.SchemaDropperImpl$DelayedDropActionImpl [SpringContextShutdownHook] HHH000477: Starting delayed evictData of schema as part of SessionFactory shut-down'
2020-04-13 13:55:15,899 INFO com.zaxxer.hikari.HikariDataSource [SpringContextShutdownHook] HikariPool-1 - Shutdown initiated...
2020-04-13 13:55:15,911 INFO com.zaxxer.hikari.HikariDataSource [SpringContextShutdownHook] HikariPool-1 - Shutdown completed.
2020-04-13 13:56:09,176 INFO org.springframework.boot.StartupInfoLogger [main] Starting IAMApplication on macs-mbp.home with PID 13764 (/Users/mac/Documents/workspace/bookyourframeparent/IAMparent/IAM-launcher/target/classes started by mac in /Users/mac/Documents/workspace/bookyourframeparent)
2020-04-13 13:56:09,189 INFO org.springframework.boot.SpringApplication [main] No active profile set, falling back to default profiles: default
2020-04-13 13:56:11,207 INFO org.springframework.data.repository.config.RepositoryConfigurationDelegate [main] Bootstrapping Spring Data JPA repositories in DEFAULT mode.
2020-04-13 13:56:11,455 INFO org.springframework.data.repository.config.RepositoryConfigurationDelegate [main] Finished Spring Data repository scanning in 216ms. Found 1 JPA repository interfaces.
2020-04-13 13:56:12,984 INFO com.zaxxer.hikari.HikariDataSource [main] HikariPool-1 - Starting...
2020-04-13 13:56:13,805 INFO com.zaxxer.hikari.HikariDataSource [main] HikariPool-1 - Start completed.
2020-04-13 13:56:14,168 INFO org.hibernate.jpa.internal.util.LogHelper [main] HHH000204: Processing PersistenceUnitInfo [name: default]
2020-04-13 13:56:14,507 INFO org.hibernate.Version [main] HHH000412: Hibernate ORM core version 5.4.12.Final
2020-04-13 13:56:15,270 INFO org.hibernate.annotations.common.reflection.java.JavaReflectionManager [main] HCANN000001: Hibernate Commons Annotations {5.1.0.Final}
2020-04-13 13:56:15,796 INFO org.hibernate.dialect.Dialect [main] HHH000400: Using dialect: org.hibernate.dialect.H2Dialect
2020-04-13 13:56:18,383 INFO org.hibernate.engine.transaction.jta.platform.internal.JtaPlatformInitiator [main] HHH000490: Using JtaPlatform implementation: [org.hibernate.engine.transaction.jta.platform.internal.NoJtaPlatform]
2020-04-13 13:56:18,415 INFO org.springframework.orm.jpa.AbstractEntityManagerFactoryBean [main] Initialized JPA EntityManagerFactory for persistence unit 'default'
2020-04-13 13:56:20,266 INFO org.springframework.boot.StartupInfoLogger [main] Started IAMApplication in 13.21 seconds (JVM running for 14.922)
2020-04-13 13:56:20,281 INFO org.springframework.orm.jpa.AbstractEntityManagerFactoryBean [SpringContextShutdownHook] Closing JPA EntityManagerFactory for persistence unit 'default'
2020-04-13 13:56:20,283 INFO org.hibernate.tool.schema.internal.SchemaDropperImpl$DelayedDropActionImpl [SpringContextShutdownHook] HHH000477: Starting delayed evictData of schema as part of SessionFactory shut-down'
2020-04-13 13:56:20,313 INFO com.zaxxer.hikari.HikariDataSource [SpringContextShutdownHook] HikariPool-1 - Shutdown initiated...
2020-04-13 13:56:20,327 INFO com.zaxxer.hikari.HikariDataSource [SpringContextShutdownHook] HikariPool-1 - Shutdown completed.
2020-04-13 18:27:20,791 INFO org.springframework.boot.StartupInfoLogger [main] Starting IAMApplication on macs-mbp.home with PID 13845 (/Users/mac/Documents/workspace/bookyourframeparent/IAMparent/IAM-launcher/target/classes started by mac in /Users/mac/Documents/workspace/bookyourframeparent)
2020-04-13 18:27:20,794 INFO org.springframework.boot.SpringApplication [main] No active profile set, falling back to default profiles: default
2020-04-13 18:27:21,386 INFO org.springframework.data.repository.config.RepositoryConfigurationDelegate [main] Bootstrapping Spring Data JPA repositories in DEFAULT mode.
2020-04-13 18:27:21,460 INFO org.springframework.data.repository.config.RepositoryConfigurationDelegate [main] Finished Spring Data repository scanning in 63ms. Found 1 JPA repository interfaces.
2020-04-13 18:27:21,826 INFO com.zaxxer.hikari.HikariDataSource [main] HikariPool-1 - Starting...
2020-04-13 18:27:22,027 INFO com.zaxxer.hikari.HikariDataSource [main] HikariPool-1 - Start completed.
2020-04-13 18:27:22,098 INFO org.hibernate.jpa.internal.util.LogHelper [main] HHH000204: Processing PersistenceUnitInfo [name: default]
2020-04-13 18:27:22,180 INFO org.hibernate.Version [main] HHH000412: Hibernate ORM core version 5.4.12.Final
2020-04-13 18:27:22,361 INFO org.hibernate.annotations.common.reflection.java.JavaReflectionManager [main] HCANN000001: Hibernate Commons Annotations {5.1.0.Final}
2020-04-13 18:27:22,475 INFO org.hibernate.dialect.Dialect [main] HHH000400: Using dialect: org.hibernate.dialect.H2Dialect
2020-04-13 18:27:23,067 INFO org.hibernate.engine.transaction.jta.platform.internal.JtaPlatformInitiator [main] HHH000490: Using JtaPlatform implementation: [org.hibernate.engine.transaction.jta.platform.internal.NoJtaPlatform]
2020-04-13 18:27:23,074 INFO org.springframework.orm.jpa.AbstractEntityManagerFactoryBean [main] Initialized JPA EntityManagerFactory for persistence unit 'default'
2020-04-13 18:27:23,539 INFO org.springframework.boot.StartupInfoLogger [main] Started IAMApplication in 3.276 seconds (JVM running for 3.703)
2020-04-13 18:27:23,543 INFO org.springframework.orm.jpa.AbstractEntityManagerFactoryBean [SpringContextShutdownHook] Closing JPA EntityManagerFactory for persistence unit 'default'
2020-04-13 18:27:23,565 INFO org.hibernate.tool.schema.internal.SchemaDropperImpl$DelayedDropActionImpl [SpringContextShutdownHook] HHH000477: Starting delayed evictData of schema as part of SessionFactory shut-down'
2020-04-13 18:27:23,566 WARN org.hibernate.engine.jdbc.spi.SqlExceptionHelper [SpringContextShutdownHook] SQL Error: 90121, SQLState: 90121
2020-04-13 18:27:23,567 ERROR org.hibernate.engine.jdbc.spi.SqlExceptionHelper [SpringContextShutdownHook] La base de données est déjà fermée (pour désactiver la fermeture automatique à l'arrêt de la VM, ajoutez "; DB_CLOSE_ON_EXIT = FALSE" à l'URL db)
Database is already closed (to disable automatic closing at VM shutdown, add ";DB_CLOSE_ON_EXIT=FALSE" to the db URL) [90121-200]
2020-04-13 18:27:23,568 WARN org.hibernate.engine.jdbc.spi.SqlExceptionHelper [SpringContextShutdownHook] SQL Error: 90121, SQLState: 90121
2020-04-13 18:27:23,568 ERROR org.hibernate.engine.jdbc.spi.SqlExceptionHelper [SpringContextShutdownHook] La base de données est déjà fermée (pour désactiver la fermeture automatique à l'arrêt de la VM, ajoutez "; DB_CLOSE_ON_EXIT = FALSE" à l'URL db)
Database is already closed (to disable automatic closing at VM shutdown, add ";DB_CLOSE_ON_EXIT=FALSE" to the db URL) [90121-200]
2020-04-13 18:27:23,568 WARN org.springframework.beans.factory.support.DisposableBeanAdapter [SpringContextShutdownHook] Invocation of destroy method failed on bean with name 'entityManagerFactory': org.hibernate.exception.JDBCConnectionException: Unable to release JDBC Connection used for DDL execution
2020-04-13 18:27:23,569 INFO com.zaxxer.hikari.HikariDataSource [SpringContextShutdownHook] HikariPool-1 - Shutdown initiated...
2020-04-13 18:27:23,571 INFO com.zaxxer.hikari.HikariDataSource [SpringContextShutdownHook] HikariPool-1 - Shutdown completed.
2020-04-13 18:27:53,834 INFO org.springframework.boot.StartupInfoLogger [main] Starting IAMApplication on macs-mbp.home with PID 13849 (/Users/mac/Documents/workspace/bookyourframeparent/IAMparent/IAM-launcher/target/classes started by mac in /Users/mac/Documents/workspace/bookyourframeparent)
2020-04-13 18:27:53,846 INFO org.springframework.boot.SpringApplication [main] No active profile set, falling back to default profiles: default
2020-04-13 18:27:54,620 INFO org.springframework.boot.StartupInfoLogger [main] Started IAMApplication in 1.319 seconds (JVM running for 1.734)
2020-04-13 18:34:47,449 INFO org.springframework.boot.StartupInfoLogger [main] Starting IAMApplication on macs-mbp.home with PID 13874 (/Users/mac/Documents/workspace/bookyourframeparent/IAMparent/IAM-launcher/target/classes started by mac in /Users/mac/Documents/workspace/bookyourframeparent)
2020-04-13 18:34:47,453 INFO org.springframework.boot.SpringApplication [main] No active profile set, falling back to default profiles: default
2020-04-13 18:34:48,088 INFO org.springframework.boot.StartupInfoLogger [main] Started IAMApplication in 1.136 seconds (JVM running for 1.556)
2020-04-13 18:42:39,005 INFO org.springframework.boot.StartupInfoLogger [main] Starting IAMApplication on macs-mbp.home with PID 13895 (/Users/mac/Documents/workspace/bookyourframeparent/IAMparent/IAM-launcher/target/classes started by mac in /Users/mac/Documents/workspace/bookyourframeparent)
2020-04-13 18:42:39,009 INFO org.springframework.boot.SpringApplication [main] No active profile set, falling back to default profiles: default
2020-04-13 18:42:39,830 INFO org.springframework.boot.StartupInfoLogger [main] Started IAMApplication in 1.381 seconds (JVM running for 1.803)
2020-04-13 18:57:55,881 INFO org.springframework.boot.StartupInfoLogger [main] Starting IAMApplication on macs-mbp.home with PID 13944 (/Users/mac/Documents/workspace/bookyourframeparent/IAMparent/IAM-launcher/target/classes started by mac in /Users/mac/Documents/workspace/bookyourframeparent)
2020-04-13 18:57:55,884 INFO org.springframework.boot.SpringApplication [main] No active profile set, falling back to default profiles: default
2020-04-13 18:57:56,654 INFO org.springframework.boot.StartupInfoLogger [main] Started IAMApplication in 1.307 seconds (JVM running for 1.723)
2020-04-13 18:58:47,110 INFO org.springframework.boot.StartupInfoLogger [main] Starting IAMApplication on macs-mbp.home with PID 13948 (/Users/mac/Documents/workspace/bookyourframeparent/IAMparent/IAM-launcher/target/classes started by mac in /Users/mac/Documents/workspace/bookyourframeparent)
2020-04-13 18:58:47,115 INFO org.springframework.boot.SpringApplication [main] No active profile set, falling back to default profiles: default
2020-04-13 18:58:47,935 INFO org.springframework.boot.StartupInfoLogger [main] Started IAMApplication in 1.379 seconds (JVM running for 1.794)
2020-04-13 19:16:37,238 INFO org.springframework.boot.StartupInfoLogger [main] Starting IAMApplication on macs-mbp.home with PID 13979 (/Users/mac/Documents/workspace/bookyourframeparent/IAMparent/IAM-launcher/target/classes started by mac in /Users/mac/Documents/workspace/bookyourframeparent)
2020-04-13 19:16:37,242 INFO org.springframework.boot.SpringApplication [main] No active profile set, falling back to default profiles: default
2020-04-13 19:16:38,019 INFO org.springframework.boot.StartupInfoLogger [main] Started IAMApplication in 1.262 seconds (JVM running for 1.663)
2020-04-13 19:18:31,910 INFO org.springframework.boot.StartupInfoLogger [main] Starting IAMApplication on macs-mbp.home with PID 13983 (/Users/mac/Documents/workspace/bookyourframeparent/IAMparent/IAM-launcher/target/classes started by mac in /Users/mac/Documents/workspace/bookyourframeparent)
2020-04-13 19:18:31,914 INFO org.springframework.boot.SpringApplication [main] No active profile set, falling back to default profiles: default
2020-04-13 19:18:32,687 INFO org.springframework.boot.StartupInfoLogger [main] Started IAMApplication in 1.344 seconds (JVM running for 1.754)
2020-04-13 19:22:26,588 INFO org.springframework.boot.StartupInfoLogger [main] Starting IAMApplication on macs-mbp.home with PID 13987 (/Users/mac/Documents/workspace/bookyourframeparent/IAMparent/IAM-launcher/target/classes started by mac in /Users/mac/Documents/workspace/bookyourframeparent)
2020-04-13 19:22:26,592 INFO org.springframework.boot.SpringApplication [main] No active profile set, falling back to default profiles: default
2020-04-13 19:22:27,377 INFO org.springframework.boot.StartupInfoLogger [main] Started IAMApplication in 1.386 seconds (JVM running for 1.801)
2020-04-13 19:22:56,070 INFO org.springframework.boot.StartupInfoLogger [main] Starting IAMApplication on macs-mbp.home with PID 13991 (/Users/mac/Documents/workspace/bookyourframeparent/IAMparent/IAM-launcher/target/classes started by mac in /Users/mac/Documents/workspace/bookyourframeparent)
2020-04-13 19:22:56,074 INFO org.springframework.boot.SpringApplication [main] No active profile set, falling back to default profiles: default
2020-04-13 19:22:56,857 INFO org.springframework.boot.StartupInfoLogger [main] Started IAMApplication in 1.328 seconds (JVM running for 1.743)
